<?xml version="1.0" encoding="UTF-8"?>
<!-- Generated by org.testng.reporters.JUnitXMLReporter -->
<testsuite ignored="0" hostname="Anjali" failures="0" tests="4" name="Default test" time="42.704" errors="0" timestamp="2023-11-08T10:32:46 IST">
  <testcase classname="com.testcases.Customer_FunctionalityTest" name="addcustomer" time="4.832"/>
  <testcase classname="com.testcases.Customer_FunctionalityTest" name="editcustomer" time="6.46"/>
  <testcase classname="com.testcases.Customer_FunctionalityTest" name="deletecustomer" time="3.337"/>
  <testcase classname="com.testcases.Customer_FunctionalityTest" name="verify" time="3.068"/>
</testsuite> <!-- Default test -->
