<?xml version="1.0" encoding="UTF-8"?>
<!-- Generated by org.testng.reporters.JUnitXMLReporter -->
<testsuite ignored="0" hostname="Anjali" failures="0" tests="4" name="Default test" time="34.3" errors="0" timestamp="2023-11-20T08:57:46 IST">
  <testcase classname="com.testcases.CustomerTest" name="addcustomer" time="5.438"/>
  <testcase classname="com.testcases.CustomerTest" name="editcustomer" time="4.545"/>
  <testcase classname="com.testcases.CustomerTest" name="deletecustomer" time="2.973"/>
  <testcase classname="com.testcases.CustomerTest" name="verify" time="2.92"/>
</testsuite> <!-- Default test -->
