<?xml version="1.0" encoding="UTF-8"?>
<testng-results ignored="0" total="4" passed="4" failed="0" skipped="0">
  <reporter-output>
  </reporter-output>
  <suite started-at="2023-11-08T10:32:03 IST" name="Default suite" finished-at="2023-11-08T10:32:46 IST" duration-ms="42704">
    <groups>
    </groups>
    <test started-at="2023-11-08T10:32:03 IST" name="Default test" finished-at="2023-11-08T10:32:46 IST" duration-ms="42704">
      <class name="com.testcases.Customer_FunctionalityTest">
        <test-method is-config="true" signature="setup()[pri:0, instance:com.testcases.Customer_FunctionalityTest@429bffaa]" started-at="2023-11-08T10:32:04 IST" name="setup" finished-at="2023-11-08T10:32:11 IST" duration-ms="7121" status="PASS">
          <reporter-output>
          </reporter-output>
        </test-method> <!-- setup -->
        <test-method signature="addcustomer()[pri:1, instance:com.testcases.Customer_FunctionalityTest@429bffaa]" started-at="2023-11-08T10:32:11 IST" name="addcustomer" finished-at="2023-11-08T10:32:15 IST" duration-ms="4832" status="PASS">
          <reporter-output>
          </reporter-output>
        </test-method> <!-- addcustomer -->
        <test-method is-config="true" signature="setup()[pri:0, instance:com.testcases.Customer_FunctionalityTest@429bffaa]" started-at="2023-11-08T10:32:15 IST" name="setup" finished-at="2023-11-08T10:32:20 IST" duration-ms="4856" status="PASS">
          <reporter-output>
          </reporter-output>
        </test-method> <!-- setup -->
        <test-method signature="editcustomer()[pri:2, instance:com.testcases.Customer_FunctionalityTest@429bffaa]" started-at="2023-11-08T10:32:20 IST" name="editcustomer" finished-at="2023-11-08T10:32:27 IST" duration-ms="6460" status="PASS">
          <reporter-output>
          </reporter-output>
        </test-method> <!-- editcustomer -->
        <test-method is-config="true" signature="setup()[pri:0, instance:com.testcases.Customer_FunctionalityTest@429bffaa]" started-at="2023-11-08T10:32:27 IST" name="setup" finished-at="2023-11-08T10:32:34 IST" duration-ms="6929" status="PASS">
          <reporter-output>
          </reporter-output>
        </test-method> <!-- setup -->
        <test-method signature="deletecustomer()[pri:3, instance:com.testcases.Customer_FunctionalityTest@429bffaa]" started-at="2023-11-08T10:32:34 IST" name="deletecustomer" finished-at="2023-11-08T10:32:37 IST" duration-ms="3337" status="PASS">
          <reporter-output>
          </reporter-output>
        </test-method> <!-- deletecustomer -->
        <test-method is-config="true" signature="setup()[pri:0, instance:com.testcases.Customer_FunctionalityTest@429bffaa]" started-at="2023-11-08T10:32:37 IST" name="setup" finished-at="2023-11-08T10:32:43 IST" duration-ms="6015" status="PASS">
          <reporter-output>
          </reporter-output>
        </test-method> <!-- setup -->
        <test-method signature="verify()[pri:4, instance:com.testcases.Customer_FunctionalityTest@429bffaa]" started-at="2023-11-08T10:32:43 IST" name="verify" finished-at="2023-11-08T10:32:46 IST" duration-ms="3068" status="PASS">
          <reporter-output>
          </reporter-output>
        </test-method> <!-- verify -->
      </class> <!-- com.testcases.Customer_FunctionalityTest -->
    </test> <!-- Default test -->
  </suite> <!-- Default suite -->
</testng-results>
